# JRE version: Java(TM) SE Runtime Environment (8.0_201-b09) (build 1.8.0_201-b09)
# Java VM: Java HotSpot(TM) 64-Bit Server VM (25.201-b09 mixed mode windows-amd64 compressed oops)
Heap:
 PSYoungGen      total 230400K, used 20220K [0x000000076eb00000, 0x0000000780c00000, 0x00000007c0000000)
  eden space 224256K, 6% used [0x000000076eb00000,0x000000076f8c3af0,0x000000077c600000)
  from space 6144K, 99% used [0x000000077ea80000,0x000000077f07b570,0x000000077f080000)
  to   space 35840K, 0% used [0x000000077c600000,0x000000077c600000,0x000000077e900000)
 ParOldGen       total 136192K, used 60672K [0x00000006cc000000, 0x00000006d4500000, 0x000000076eb00000)
  object space 136192K, 44% used [0x00000006cc000000,0x00000006cfb40018,0x00000006d4500000)
 Metaspace       used 28289K, capacity 28936K, committed 29232K, reserved 1075200K
  class space    used 3165K, capacity 3346K, committed 3376K, reserved 1048576K
GC Heap History (10 events):
Event: 3.502 GC heap before
{Heap before GC invocations=5 (full 0):
 PSYoungGen      total 135168K, used 99850K [0x000000076eb00000, 0x0000000777900000, 0x00000007c0000000)
  eden space 124928K, 71% used [0x000000076eb00000,0x000000077428a888,0x0000000776500000)
  from space 10240K, 99% used [0x0000000776f00000,0x00000007778f8040,0x0000000777900000)
  to   space 10240K, 0% used [0x0000000776500000,0x0000000776500000,0x0000000776f00000)
 ParOldGen       total 166912K, used 3840K [0x00000006cc000000, 0x00000006d6300000, 0x000000076eb00000)
  object space 166912K, 2% used [0x00000006cc000000,0x00000006cc3c00d0,0x00000006d6300000)
 Metaspace       used 20830K, capacity 21278K, committed 21296K, reserved 1069056K
  class space    used 2494K, capacity 2591K, committed 2608K, reserved 1048576K
Event: 3.519 GC heap after
Heap after GC invocations=5 (full 0):
 PSYoungGen      total 135168K, used 10212K [0x000000076eb00000, 0x0000000780100000, 0x00000007c0000000)
  eden space 124928K, 0% used [0x000000076eb00000,0x000000076eb00000,0x0000000776500000)
  from space 10240K, 99% used [0x0000000776500000,0x0000000776ef9060,0x0000000776f00000)
  to   space 17408K, 0% used [0x000000077f000000,0x000000077f000000,0x0000000780100000)
 ParOldGen       total 166912K, used 10727K [0x00000006cc000000, 0x00000006d6300000, 0x000000076eb00000)
  object space 166912K, 6% used [0x00000006cc000000,0x00000006cca79db8,0x00000006d6300000)
 Metaspace       used 20830K, capacity 21278K, committed 21296K, reserved 1069056K
  class space    used 2494K, capacity 2591K, committed 2608K, reserved 1048576K
}
Event: 3.519 GC heap before
{Heap before GC invocations=6 (full 1):
 PSYoungGen      total 135168K, used 10212K [0x000000076eb00000, 0x0000000780100000, 0x00000007c0000000)
  eden space 124928K, 0% used [0x000000076eb00000,0x000000076eb00000,0x0000000776500000)
  from space 10240K, 99% used [0x0000000776500000,0x0000000776ef9060,0x0000000776f00000)
  to   space 17408K, 0% used [0x000000077f000000,0x000000077f000000,0x0000000780100000)
 ParOldGen       total 166912K, used 10727K [0x00000006cc000000, 0x00000006d6300000, 0x000000076eb00000)
  object space 166912K, 6% used [0x00000006cc000000,0x00000006cca79db8,0x00000006d6300000)
 Metaspace       used 20830K, capacity 21278K, committed 21296K, reserved 1069056K
  class space    used 2494K, capacity 2591K, committed 2608K, reserved 1048576K
Event: 3.662 GC heap after
Heap after GC invocations=6 (full 1):
 PSYoungGen      total 135168K, used 0K [0x000000076eb00000, 0x0000000780100000, 0x00000007c0000000)
  eden space 124928K, 0% used [0x000000076eb00000,0x000000076eb00000,0x0000000776500000)
  from space 10240K, 0% used [0x0000000776500000,0x0000000776500000,0x0000000776f00000)
  to   space 17408K, 0% used [0x000000077f000000,0x000000077f000000,0x0000000780100000)
 ParOldGen       total 136192K, used 20015K [0x00000006cc000000, 0x00000006d4500000, 0x000000076eb00000)
  object space 136192K, 14% used [0x00000006cc000000,0x00000006cd38bce8,0x00000006d4500000)
 Metaspace       used 20830K, capacity 21278K, committed 21296K, reserved 1069056K
  class space    used 2494K, capacity 2591K, committed 2608K, reserved 1048576K
}
Event: 5.172 GC heap before
{Heap before GC invocations=7 (full 1):
 PSYoungGen      total 135168K, used 124928K [0x000000076eb00000, 0x0000000780100000, 0x00000007c0000000)
  eden space 124928K, 100% used [0x000000076eb00000,0x0000000776500000,0x0000000776500000)
  from space 10240K, 0% used [0x0000000776500000,0x0000000776500000,0x0000000776f00000)
  to   space 17408K, 0% used [0x000000077f000000,0x000000077f000000,0x0000000780100000)
 ParOldGen       total 136192K, used 20015K [0x00000006cc000000, 0x00000006d4500000, 0x000000076eb00000)
  object space 136192K, 14% used [0x00000006cc000000,0x00000006cd38bce8,0x00000006d4500000)
 Metaspace       used 23584K, capacity 24136K, committed 24368K, reserved 1071104K
  class space    used 2732K, capacity 2860K, committed 2864K, reserved 1048576K
Event: 5.183 GC heap after
Heap after GC invocations=7 (full 1):
 PSYoungGen      total 171008K, used 17380K [0x000000076eb00000, 0x0000000780100000, 0x00000007c0000000)
  eden space 153600K, 0% used [0x000000076eb00000,0x000000076eb00000,0x0000000778100000)
  from space 17408K, 99% used [0x000000077f000000,0x00000007800f9230,0x0000000780100000)
  to   space 23040K, 0% used [0x000000077d400000,0x000000077d400000,0x000000077ea80000)
 ParOldGen       total 136192K, used 26465K [0x00000006cc000000, 0x00000006d4500000, 0x000000076eb00000)
  object space 136192K, 19% used [0x00000006cc000000,0x00000006cd9d85e0,0x00000006d4500000)
 Metaspace       used 23584K, capacity 24136K, committed 24368K, reserved 1071104K
  class space    used 2732K, capacity 2860K, committed 2864K, reserved 1048576K
}
Event: 6.504 GC heap before
{Heap before GC invocations=8 (full 1):
 PSYoungGen      total 171008K, used 170980K [0x000000076eb00000, 0x0000000780100000, 0x00000007c0000000)
  eden space 153600K, 100% used [0x000000076eb00000,0x0000000778100000,0x0000000778100000)
  from space 17408K, 99% used [0x000000077f000000,0x00000007800f9230,0x0000000780100000)
  to   space 23040K, 0% used [0x000000077d400000,0x000000077d400000,0x000000077ea80000)
 ParOldGen       total 136192K, used 26465K [0x00000006cc000000, 0x00000006d4500000, 0x000000076eb00000)
  object space 136192K, 19% used [0x00000006cc000000,0x00000006cd9d85e0,0x00000006d4500000)
 Metaspace       used 23891K, capacity 24458K, committed 24624K, reserved 1071104K
  class space    used 2734K, capacity 2862K, committed 2864K, reserved 1048576K
Event: 6.521 GC heap after
Heap after GC invocations=8 (full 1):
 PSYoungGen      total 211968K, used 23038K [0x000000076eb00000, 0x000000077f080000, 0x00000007c0000000)
  eden space 188928K, 0% used [0x000000076eb00000,0x000000076eb00000,0x000000077a380000)
  from space 23040K, 99% used [0x000000077d400000,0x000000077ea7fa10,0x000000077ea80000)
  to   space 6144K, 0% used [0x000000077ea80000,0x000000077ea80000,0x000000077f080000)
 ParOldGen       total 136192K, used 34095K [0x00000006cc000000, 0x00000006d4500000, 0x000000076eb00000)
  object space 136192K, 25% used [0x00000006cc000000,0x00000006ce14bf50,0x00000006d4500000)
 Metaspace       used 23891K, capacity 24458K, committed 24624K, reserved 1071104K
  class space    used 2734K, capacity 2862K, committed 2864K, reserved 1048576K
}
Event: 34.955 GC heap before
{Heap before GC invocations=9 (full 1):
 PSYoungGen      total 211968K, used 211966K [0x000000076eb00000, 0x000000077f080000, 0x00000007c0000000)
  eden space 188928K, 100% used [0x000000076eb00000,0x000000077a380000,0x000000077a380000)
  from space 23040K, 99% used [0x000000077d400000,0x000000077ea7fa10,0x000000077ea80000)
  to   space 6144K, 0% used [0x000000077ea80000,0x000000077ea80000,0x000000077f080000)
 ParOldGen       total 136192K, used 34095K [0x00000006cc000000, 0x00000006d4500000, 0x000000076eb00000)
  object space 136192K, 25% used [0x00000006cc000000,0x00000006ce14bf50,0x00000006d4500000)
 Metaspace       used 28281K, capacity 28936K, committed 29232K, reserved 1075200K
  class space    used 3164K, capacity 3346K, committed 3376K, reserved 1048576K
Event: 34.998 GC heap after
Heap after GC invocations=9 (full 1):
 PSYoungGen      total 230400K, used 6125K [0x000000076eb00000, 0x0000000780c00000, 0x00000007c0000000)
  eden space 224256K, 0% used [0x000000076eb00000,0x000000076eb00000,0x000000077c600000)
  from space 6144K, 99% used [0x000000077ea80000,0x000000077f07b570,0x000000077f080000)
  to   space 35840K, 0% used [0x000000077c600000,0x000000077c600000,0x000000077e900000)
 ParOldGen       total 136192K, used 60672K [0x00000006cc000000, 0x00000006d4500000, 0x000000076eb00000)
  object space 136192K, 44% used [0x00000006cc000000,0x00000006cfb40018,0x00000006d4500000)
 Metaspace       used 28281K, capacity 28936K, committed 29232K, reserved 1075200K
  class space    used 3164K, capacity 3346K, committed 3376K, reserved 1048576K
}

