# JRE version: Java(TM) SE Runtime Environment (8.0_201-b09) (build 1.8.0_201-b09)
# Java VM: Java HotSpot(TM) 64-Bit Server VM (25.201-b09 mixed mode windows-amd64 compressed oops)
Heap:
 PSYoungGen      total 203264K, used 32829K [0x000000076eb00000, 0x000000077f080000, 0x00000007c0000000)
  eden space 197120K, 13% used [0x000000076eb00000,0x0000000770516408,0x000000077ab80000)
  from space 6144K, 99% used [0x000000077ea80000,0x000000077f079050,0x000000077f080000)
  to   space 23040K, 0% used [0x000000077d400000,0x000000077d400000,0x000000077ea80000)
 ParOldGen       total 134656K, used 59713K [0x00000006cc000000, 0x00000006d4380000, 0x000000076eb00000)
  object space 134656K, 44% used [0x00000006cc000000,0x00000006cfa50580,0x00000006d4380000)
 Metaspace       used 28269K, capacity 28936K, committed 29232K, reserved 1075200K
  class space    used 3163K, capacity 3346K, committed 3376K, reserved 1048576K
GC Heap History (10 events):
Event: 3.211 GC heap before
{Heap before GC invocations=5 (full 0):
 PSYoungGen      total 135168K, used 102475K [0x000000076eb00000, 0x0000000777900000, 0x00000007c0000000)
  eden space 124928K, 73% used [0x000000076eb00000,0x0000000774516cc8,0x0000000776500000)
  from space 10240K, 99% used [0x0000000776f00000,0x00000007778fc050,0x0000000777900000)
  to   space 10240K, 0% used [0x0000000776500000,0x0000000776500000,0x0000000776f00000)
 ParOldGen       total 166912K, used 3560K [0x00000006cc000000, 0x00000006d6300000, 0x000000076eb00000)
  object space 166912K, 2% used [0x00000006cc000000,0x00000006cc37a3c8,0x00000006d6300000)
 Metaspace       used 20824K, capacity 21278K, committed 21296K, reserved 1069056K
  class space    used 2493K, capacity 2591K, committed 2608K, reserved 1048576K
Event: 3.226 GC heap after
Heap after GC invocations=5 (full 0):
 PSYoungGen      total 135168K, used 10236K [0x000000076eb00000, 0x0000000780100000, 0x00000007c0000000)
  eden space 124928K, 0% used [0x000000076eb00000,0x000000076eb00000,0x0000000776500000)
  from space 10240K, 99% used [0x0000000776500000,0x0000000776eff218,0x0000000776f00000)
  to   space 17408K, 0% used [0x000000077f000000,0x000000077f000000,0x0000000780100000)
 ParOldGen       total 166912K, used 10742K [0x00000006cc000000, 0x00000006d6300000, 0x000000076eb00000)
  object space 166912K, 6% used [0x00000006cc000000,0x00000006cca7da20,0x00000006d6300000)
 Metaspace       used 20824K, capacity 21278K, committed 21296K, reserved 1069056K
  class space    used 2493K, capacity 2591K, committed 2608K, reserved 1048576K
}
Event: 3.226 GC heap before
{Heap before GC invocations=6 (full 1):
 PSYoungGen      total 135168K, used 10236K [0x000000076eb00000, 0x0000000780100000, 0x00000007c0000000)
  eden space 124928K, 0% used [0x000000076eb00000,0x000000076eb00000,0x0000000776500000)
  from space 10240K, 99% used [0x0000000776500000,0x0000000776eff218,0x0000000776f00000)
  to   space 17408K, 0% used [0x000000077f000000,0x000000077f000000,0x0000000780100000)
 ParOldGen       total 166912K, used 10742K [0x00000006cc000000, 0x00000006d6300000, 0x000000076eb00000)
  object space 166912K, 6% used [0x00000006cc000000,0x00000006cca7da20,0x00000006d6300000)
 Metaspace       used 20824K, capacity 21278K, committed 21296K, reserved 1069056K
  class space    used 2493K, capacity 2591K, committed 2608K, reserved 1048576K
Event: 3.354 GC heap after
Heap after GC invocations=6 (full 1):
 PSYoungGen      total 135168K, used 0K [0x000000076eb00000, 0x0000000780100000, 0x00000007c0000000)
  eden space 124928K, 0% used [0x000000076eb00000,0x000000076eb00000,0x0000000776500000)
  from space 10240K, 0% used [0x0000000776500000,0x0000000776500000,0x0000000776f00000)
  to   space 17408K, 0% used [0x000000077f000000,0x000000077f000000,0x0000000780100000)
 ParOldGen       total 134656K, used 20011K [0x00000006cc000000, 0x00000006d4380000, 0x000000076eb00000)
  object space 134656K, 14% used [0x00000006cc000000,0x00000006cd38afa0,0x00000006d4380000)
 Metaspace       used 20824K, capacity 21278K, committed 21296K, reserved 1069056K
  class space    used 2493K, capacity 2591K, committed 2608K, reserved 1048576K
}
Event: 4.707 GC heap before
{Heap before GC invocations=7 (full 1):
 PSYoungGen      total 135168K, used 124928K [0x000000076eb00000, 0x0000000780100000, 0x00000007c0000000)
  eden space 124928K, 100% used [0x000000076eb00000,0x0000000776500000,0x0000000776500000)
  from space 10240K, 0% used [0x0000000776500000,0x0000000776500000,0x0000000776f00000)
  to   space 17408K, 0% used [0x000000077f000000,0x000000077f000000,0x0000000780100000)
 ParOldGen       total 134656K, used 20011K [0x00000006cc000000, 0x00000006d4380000, 0x000000076eb00000)
  object space 134656K, 14% used [0x00000006cc000000,0x00000006cd38afa0,0x00000006d4380000)
 Metaspace       used 23574K, capacity 24136K, committed 24368K, reserved 1071104K
  class space    used 2730K, capacity 2860K, committed 2864K, reserved 1048576K
Event: 4.718 GC heap after
Heap after GC invocations=7 (full 1):
 PSYoungGen      total 174080K, used 17406K [0x000000076eb00000, 0x0000000780100000, 0x00000007c0000000)
  eden space 156672K, 0% used [0x000000076eb00000,0x000000076eb00000,0x0000000778400000)
  from space 17408K, 99% used [0x000000077f000000,0x00000007800ffbf0,0x0000000780100000)
  to   space 23040K, 0% used [0x000000077d400000,0x000000077d400000,0x000000077ea80000)
 ParOldGen       total 134656K, used 25662K [0x00000006cc000000, 0x00000006d4380000, 0x000000076eb00000)
  object space 134656K, 19% used [0x00000006cc000000,0x00000006cd90fbd0,0x00000006d4380000)
 Metaspace       used 23574K, capacity 24136K, committed 24368K, reserved 1071104K
  class space    used 2730K, capacity 2860K, committed 2864K, reserved 1048576K
}
Event: 5.921 GC heap before
{Heap before GC invocations=8 (full 1):
 PSYoungGen      total 174080K, used 174078K [0x000000076eb00000, 0x0000000780100000, 0x00000007c0000000)
  eden space 156672K, 100% used [0x000000076eb00000,0x0000000778400000,0x0000000778400000)
  from space 17408K, 99% used [0x000000077f000000,0x00000007800ffbf0,0x0000000780100000)
  to   space 23040K, 0% used [0x000000077d400000,0x000000077d400000,0x000000077ea80000)
 ParOldGen       total 134656K, used 25662K [0x00000006cc000000, 0x00000006d4380000, 0x000000076eb00000)
  object space 134656K, 19% used [0x00000006cc000000,0x00000006cd90fbd0,0x00000006d4380000)
 Metaspace       used 23886K, capacity 24458K, committed 24624K, reserved 1071104K
  class space    used 2733K, capacity 2862K, committed 2864K, reserved 1048576K
Event: 5.940 GC heap after
Heap after GC invocations=8 (full 1):
 PSYoungGen      total 220160K, used 23025K [0x000000076eb00000, 0x000000077f080000, 0x00000007c0000000)
  eden space 197120K, 0% used [0x000000076eb00000,0x000000076eb00000,0x000000077ab80000)
  from space 23040K, 99% used [0x000000077d400000,0x000000077ea7c718,0x000000077ea80000)
  to   space 6144K, 0% used [0x000000077ea80000,0x000000077ea80000,0x000000077f080000)
 ParOldGen       total 134656K, used 32728K [0x00000006cc000000, 0x00000006d4380000, 0x000000076eb00000)
  object space 134656K, 24% used [0x00000006cc000000,0x00000006cdff62d0,0x00000006d4380000)
 Metaspace       used 23886K, capacity 24458K, committed 24624K, reserved 1071104K
  class space    used 2733K, capacity 2862K, committed 2864K, reserved 1048576K
}
Event: 34.647 GC heap before
{Heap before GC invocations=9 (full 1):
 PSYoungGen      total 220160K, used 220145K [0x000000076eb00000, 0x000000077f080000, 0x00000007c0000000)
  eden space 197120K, 100% used [0x000000076eb00000,0x000000077ab80000,0x000000077ab80000)
  from space 23040K, 99% used [0x000000077d400000,0x000000077ea7c718,0x000000077ea80000)
  to   space 6144K, 0% used [0x000000077ea80000,0x000000077ea80000,0x000000077f080000)
 ParOldGen       total 134656K, used 32728K [0x00000006cc000000, 0x00000006d4380000, 0x000000076eb00000)
  object space 134656K, 24% used [0x00000006cc000000,0x00000006cdff62d0,0x00000006d4380000)
 Metaspace       used 28255K, capacity 28936K, committed 29232K, reserved 1075200K
  class space    used 3162K, capacity 3346K, committed 3376K, reserved 1048576K
Event: 34.680 GC heap after
Heap after GC invocations=9 (full 1):
 PSYoungGen      total 203264K, used 6116K [0x000000076eb00000, 0x000000077f080000, 0x00000007c0000000)
  eden space 197120K, 0% used [0x000000076eb00000,0x000000076eb00000,0x000000077ab80000)
  from space 6144K, 99% used [0x000000077ea80000,0x000000077f079050,0x000000077f080000)
  to   space 23040K, 0% used [0x000000077d400000,0x000000077d400000,0x000000077ea80000)
 ParOldGen       total 134656K, used 59713K [0x00000006cc000000, 0x00000006d4380000, 0x000000076eb00000)
  object space 134656K, 44% used [0x00000006cc000000,0x00000006cfa50580,0x00000006d4380000)
 Metaspace       used 28255K, capacity 28936K, committed 29232K, reserved 1075200K
  class space    used 3162K, capacity 3346K, committed 3376K, reserved 1048576K
}

