# JRE version: Java(TM) SE Runtime Environment (8.0_201-b09) (build 1.8.0_201-b09)
# Java VM: Java HotSpot(TM) 64-Bit Server VM (25.201-b09 mixed mode windows-amd64 compressed oops)
Heap:
 PSYoungGen      total 72704K, used 47812K [0x000000076eb00000, 0x0000000773c00000, 0x00000007c0000000)
  eden space 62464K, 76% used [0x000000076eb00000,0x00000007719b1290,0x0000000772800000)
  from space 10240K, 0% used [0x0000000772800000,0x0000000772800000,0x0000000773200000)
  to   space 10240K, 0% used [0x0000000773200000,0x0000000773200000,0x0000000773c00000)
 ParOldGen       total 114688K, used 9191K [0x00000006cc000000, 0x00000006d3000000, 0x000000076eb00000)
  object space 114688K, 8% used [0x00000006cc000000,0x00000006cc8f9ee0,0x00000006d3000000)
 Metaspace       used 23891K, capacity 24636K, committed 24880K, reserved 1071104K
  class space    used 2897K, capacity 3074K, committed 3120K, reserved 1048576K
GC Heap History (8 events):
Event: 0.968 GC heap before
{Heap before GC invocations=1 (full 0):
 PSYoungGen      total 72704K, used 62464K [0x000000076eb00000, 0x0000000773c00000, 0x00000007c0000000)
  eden space 62464K, 100% used [0x000000076eb00000,0x0000000772800000,0x0000000772800000)
  from space 10240K, 0% used [0x0000000773200000,0x0000000773200000,0x0000000773c00000)
  to   space 10240K, 0% used [0x0000000772800000,0x0000000772800000,0x0000000773200000)
 ParOldGen       total 166912K, used 0K [0x00000006cc000000, 0x00000006d6300000, 0x000000076eb00000)
  object space 166912K, 0% used [0x00000006cc000000,0x00000006cc000000,0x00000006d6300000)
 Metaspace       used 13861K, capacity 14104K, committed 14208K, reserved 1062912K
  class space    used 1547K, capacity 1640K, committed 1664K, reserved 1048576K
Event: 0.975 GC heap after
Heap after GC invocations=1 (full 0):
 PSYoungGen      total 72704K, used 9867K [0x000000076eb00000, 0x0000000773c00000, 0x00000007c0000000)
  eden space 62464K, 0% used [0x000000076eb00000,0x000000076eb00000,0x0000000772800000)
  from space 10240K, 96% used [0x0000000772800000,0x00000007731a2ee8,0x0000000773200000)
  to   space 10240K, 0% used [0x0000000773200000,0x0000000773200000,0x0000000773c00000)
 ParOldGen       total 166912K, used 16K [0x00000006cc000000, 0x00000006d6300000, 0x000000076eb00000)
  object space 166912K, 0% used [0x00000006cc000000,0x00000006cc004000,0x00000006d6300000)
 Metaspace       used 13861K, capacity 14104K, committed 14208K, reserved 1062912K
  class space    used 1547K, capacity 1640K, committed 1664K, reserved 1048576K
}
Event: 1.556 GC heap before
{Heap before GC invocations=2 (full 0):
 PSYoungGen      total 72704K, used 72331K [0x000000076eb00000, 0x0000000773c00000, 0x00000007c0000000)
  eden space 62464K, 100% used [0x000000076eb00000,0x0000000772800000,0x0000000772800000)
  from space 10240K, 96% used [0x0000000772800000,0x00000007731a2ee8,0x0000000773200000)
  to   space 10240K, 0% used [0x0000000773200000,0x0000000773200000,0x0000000773c00000)
 ParOldGen       total 166912K, used 16K [0x00000006cc000000, 0x00000006d6300000, 0x000000076eb00000)
  object space 166912K, 0% used [0x00000006cc000000,0x00000006cc004000,0x00000006d6300000)
 Metaspace       used 16181K, capacity 16362K, committed 16768K, reserved 1064960K
  class space    used 1757K, capacity 1835K, committed 1920K, reserved 1048576K
Event: 1.562 GC heap after
Heap after GC invocations=2 (full 0):
 PSYoungGen      total 72704K, used 9380K [0x000000076eb00000, 0x0000000773c00000, 0x00000007c0000000)
  eden space 62464K, 0% used [0x000000076eb00000,0x000000076eb00000,0x0000000772800000)
  from space 10240K, 91% used [0x0000000773200000,0x0000000773b292c0,0x0000000773c00000)
  to   space 10240K, 0% used [0x0000000772800000,0x0000000772800000,0x0000000773200000)
 ParOldGen       total 166912K, used 160K [0x00000006cc000000, 0x00000006d6300000, 0x000000076eb00000)
  object space 166912K, 0% used [0x00000006cc000000,0x00000006cc028020,0x00000006d6300000)
 Metaspace       used 16181K, capacity 16362K, committed 16768K, reserved 1064960K
  class space    used 1757K, capacity 1835K, committed 1920K, reserved 1048576K
}
Event: 2.127 GC heap before
{Heap before GC invocations=3 (full 0):
 PSYoungGen      total 72704K, used 61387K [0x000000076eb00000, 0x0000000773c00000, 0x00000007c0000000)
  eden space 62464K, 83% used [0x000000076eb00000,0x0000000771dc9ba8,0x0000000772800000)
  from space 10240K, 91% used [0x0000000773200000,0x0000000773b292c0,0x0000000773c00000)
  to   space 10240K, 0% used [0x0000000772800000,0x0000000772800000,0x0000000773200000)
 ParOldGen       total 166912K, used 160K [0x00000006cc000000, 0x00000006d6300000, 0x000000076eb00000)
  object space 166912K, 0% used [0x00000006cc000000,0x00000006cc028020,0x00000006d6300000)
 Metaspace       used 20665K, capacity 21230K, committed 21296K, reserved 1069056K
  class space    used 2452K, capacity 2605K, committed 2608K, reserved 1048576K
Event: 2.136 GC heap after
Heap after GC invocations=3 (full 0):
 PSYoungGen      total 72704K, used 9388K [0x000000076eb00000, 0x0000000773c00000, 0x00000007c0000000)
  eden space 62464K, 0% used [0x000000076eb00000,0x000000076eb00000,0x0000000772800000)
  from space 10240K, 91% used [0x0000000772800000,0x000000077312b0a0,0x0000000773200000)
  to   space 10240K, 0% used [0x0000000773200000,0x0000000773200000,0x0000000773c00000)
 ParOldGen       total 166912K, used 168K [0x00000006cc000000, 0x00000006d6300000, 0x000000076eb00000)
  object space 166912K, 0% used [0x00000006cc000000,0x00000006cc02a020,0x00000006d6300000)
 Metaspace       used 20665K, capacity 21230K, committed 21296K, reserved 1069056K
  class space    used 2452K, capacity 2605K, committed 2608K, reserved 1048576K
}
Event: 2.136 GC heap before
{Heap before GC invocations=4 (full 1):
 PSYoungGen      total 72704K, used 9388K [0x000000076eb00000, 0x0000000773c00000, 0x00000007c0000000)
  eden space 62464K, 0% used [0x000000076eb00000,0x000000076eb00000,0x0000000772800000)
  from space 10240K, 91% used [0x0000000772800000,0x000000077312b0a0,0x0000000773200000)
  to   space 10240K, 0% used [0x0000000773200000,0x0000000773200000,0x0000000773c00000)
 ParOldGen       total 166912K, used 168K [0x00000006cc000000, 0x00000006d6300000, 0x000000076eb00000)
  object space 166912K, 0% used [0x00000006cc000000,0x00000006cc02a020,0x00000006d6300000)
 Metaspace       used 20665K, capacity 21230K, committed 21296K, reserved 1069056K
  class space    used 2452K, capacity 2605K, committed 2608K, reserved 1048576K
Event: 2.180 GC heap after
Heap after GC invocations=4 (full 1):
 PSYoungGen      total 72704K, used 0K [0x000000076eb00000, 0x0000000773c00000, 0x00000007c0000000)
  eden space 62464K, 0% used [0x000000076eb00000,0x000000076eb00000,0x0000000772800000)
  from space 10240K, 0% used [0x0000000772800000,0x0000000772800000,0x0000000773200000)
  to   space 10240K, 0% used [0x0000000773200000,0x0000000773200000,0x0000000773c00000)
 ParOldGen       total 114688K, used 9191K [0x00000006cc000000, 0x00000006d3000000, 0x000000076eb00000)
  object space 114688K, 8% used [0x00000006cc000000,0x00000006cc8f9ee0,0x00000006d3000000)
 Metaspace       used 20665K, capacity 21230K, committed 21296K, reserved 1069056K
  class space    used 2452K, capacity 2605K, committed 2608K, reserved 1048576K
}

