# JRE version: Java(TM) SE Runtime Environment (8.0_201-b09) (build 1.8.0_201-b09)
# Java VM: Java HotSpot(TM) 64-Bit Server VM (25.201-b09 mixed mode windows-amd64 compressed oops)
Heap:
 PSYoungGen      total 72704K, used 52579K [0x000000076eb00000, 0x0000000773c00000, 0x00000007c0000000)
  eden space 62464K, 84% used [0x000000076eb00000,0x0000000771e58dc8,0x0000000772800000)
  from space 10240K, 0% used [0x0000000772800000,0x0000000772800000,0x0000000773200000)
  to   space 10240K, 0% used [0x0000000773200000,0x0000000773200000,0x0000000773c00000)
 ParOldGen       total 115200K, used 9195K [0x00000006cc000000, 0x00000006d3080000, 0x000000076eb00000)
  object space 115200K, 7% used [0x00000006cc000000,0x00000006cc8fadd0,0x00000006d3080000)
 Metaspace       used 25479K, capacity 26264K, committed 26416K, reserved 1073152K
  class space    used 3100K, capacity 3272K, committed 3376K, reserved 1048576K
GC Heap History (8 events):
Event: 1.099 GC heap before
{Heap before GC invocations=1 (full 0):
 PSYoungGen      total 72704K, used 62464K [0x000000076eb00000, 0x0000000773c00000, 0x00000007c0000000)
  eden space 62464K, 100% used [0x000000076eb00000,0x0000000772800000,0x0000000772800000)
  from space 10240K, 0% used [0x0000000773200000,0x0000000773200000,0x0000000773c00000)
  to   space 10240K, 0% used [0x0000000772800000,0x0000000772800000,0x0000000773200000)
 ParOldGen       total 166912K, used 0K [0x00000006cc000000, 0x00000006d6300000, 0x000000076eb00000)
  object space 166912K, 0% used [0x00000006cc000000,0x00000006cc000000,0x00000006d6300000)
 Metaspace       used 13846K, capacity 14048K, committed 14208K, reserved 1062912K
  class space    used 1547K, capacity 1640K, committed 1664K, reserved 1048576K
Event: 1.106 GC heap after
Heap after GC invocations=1 (full 0):
 PSYoungGen      total 72704K, used 9853K [0x000000076eb00000, 0x0000000773c00000, 0x00000007c0000000)
  eden space 62464K, 0% used [0x000000076eb00000,0x000000076eb00000,0x0000000772800000)
  from space 10240K, 96% used [0x0000000772800000,0x000000077319f4d0,0x0000000773200000)
  to   space 10240K, 0% used [0x0000000773200000,0x0000000773200000,0x0000000773c00000)
 ParOldGen       total 166912K, used 24K [0x00000006cc000000, 0x00000006d6300000, 0x000000076eb00000)
  object space 166912K, 0% used [0x00000006cc000000,0x00000006cc006000,0x00000006d6300000)
 Metaspace       used 13846K, capacity 14048K, committed 14208K, reserved 1062912K
  class space    used 1547K, capacity 1640K, committed 1664K, reserved 1048576K
}
Event: 1.713 GC heap before
{Heap before GC invocations=2 (full 0):
 PSYoungGen      total 72704K, used 72317K [0x000000076eb00000, 0x0000000773c00000, 0x00000007c0000000)
  eden space 62464K, 100% used [0x000000076eb00000,0x0000000772800000,0x0000000772800000)
  from space 10240K, 96% used [0x0000000772800000,0x000000077319f4d0,0x0000000773200000)
  to   space 10240K, 0% used [0x0000000773200000,0x0000000773200000,0x0000000773c00000)
 ParOldGen       total 166912K, used 24K [0x00000006cc000000, 0x00000006d6300000, 0x000000076eb00000)
  object space 166912K, 0% used [0x00000006cc000000,0x00000006cc006000,0x00000006d6300000)
 Metaspace       used 16168K, capacity 16306K, committed 16512K, reserved 1064960K
  class space    used 1756K, capacity 1835K, committed 1920K, reserved 1048576K
Event: 1.720 GC heap after
Heap after GC invocations=2 (full 0):
 PSYoungGen      total 72704K, used 9532K [0x000000076eb00000, 0x0000000773c00000, 0x00000007c0000000)
  eden space 62464K, 0% used [0x000000076eb00000,0x000000076eb00000,0x0000000772800000)
  from space 10240K, 93% used [0x0000000773200000,0x0000000773b4f308,0x0000000773c00000)
  to   space 10240K, 0% used [0x0000000772800000,0x0000000772800000,0x0000000773200000)
 ParOldGen       total 166912K, used 104K [0x00000006cc000000, 0x00000006d6300000, 0x000000076eb00000)
  object space 166912K, 0% used [0x00000006cc000000,0x00000006cc01a010,0x00000006d6300000)
 Metaspace       used 16168K, capacity 16306K, committed 16512K, reserved 1064960K
  class space    used 1756K, capacity 1835K, committed 1920K, reserved 1048576K
}
Event: 2.430 GC heap before
{Heap before GC invocations=3 (full 0):
 PSYoungGen      total 72704K, used 61173K [0x000000076eb00000, 0x0000000773c00000, 0x00000007c0000000)
  eden space 62464K, 82% used [0x000000076eb00000,0x0000000771d6e478,0x0000000772800000)
  from space 10240K, 93% used [0x0000000773200000,0x0000000773b4f308,0x0000000773c00000)
  to   space 10240K, 0% used [0x0000000772800000,0x0000000772800000,0x0000000773200000)
 ParOldGen       total 166912K, used 104K [0x00000006cc000000, 0x00000006d6300000, 0x000000076eb00000)
  object space 166912K, 0% used [0x00000006cc000000,0x00000006cc01a010,0x00000006d6300000)
 Metaspace       used 20647K, capacity 21242K, committed 21296K, reserved 1069056K
  class space    used 2452K, capacity 2605K, committed 2608K, reserved 1048576K
Event: 2.439 GC heap after
Heap after GC invocations=3 (full 0):
 PSYoungGen      total 72704K, used 9450K [0x000000076eb00000, 0x0000000773c00000, 0x00000007c0000000)
  eden space 62464K, 0% used [0x000000076eb00000,0x000000076eb00000,0x0000000772800000)
  from space 10240K, 92% used [0x0000000772800000,0x000000077313a9d8,0x0000000773200000)
  to   space 10240K, 0% used [0x0000000773200000,0x0000000773200000,0x0000000773c00000)
 ParOldGen       total 166912K, used 112K [0x00000006cc000000, 0x00000006d6300000, 0x000000076eb00000)
  object space 166912K, 0% used [0x00000006cc000000,0x00000006cc01c010,0x00000006d6300000)
 Metaspace       used 20647K, capacity 21242K, committed 21296K, reserved 1069056K
  class space    used 2452K, capacity 2605K, committed 2608K, reserved 1048576K
}
Event: 2.439 GC heap before
{Heap before GC invocations=4 (full 1):
 PSYoungGen      total 72704K, used 9450K [0x000000076eb00000, 0x0000000773c00000, 0x00000007c0000000)
  eden space 62464K, 0% used [0x000000076eb00000,0x000000076eb00000,0x0000000772800000)
  from space 10240K, 92% used [0x0000000772800000,0x000000077313a9d8,0x0000000773200000)
  to   space 10240K, 0% used [0x0000000773200000,0x0000000773200000,0x0000000773c00000)
 ParOldGen       total 166912K, used 112K [0x00000006cc000000, 0x00000006d6300000, 0x000000076eb00000)
  object space 166912K, 0% used [0x00000006cc000000,0x00000006cc01c010,0x00000006d6300000)
 Metaspace       used 20647K, capacity 21242K, committed 21296K, reserved 1069056K
  class space    used 2452K, capacity 2605K, committed 2608K, reserved 1048576K
Event: 2.488 GC heap after
Heap after GC invocations=4 (full 1):
 PSYoungGen      total 72704K, used 0K [0x000000076eb00000, 0x0000000773c00000, 0x00000007c0000000)
  eden space 62464K, 0% used [0x000000076eb00000,0x000000076eb00000,0x0000000772800000)
  from space 10240K, 0% used [0x0000000772800000,0x0000000772800000,0x0000000773200000)
  to   space 10240K, 0% used [0x0000000773200000,0x0000000773200000,0x0000000773c00000)
 ParOldGen       total 115200K, used 9195K [0x00000006cc000000, 0x00000006d3080000, 0x000000076eb00000)
  object space 115200K, 7% used [0x00000006cc000000,0x00000006cc8fadd0,0x00000006d3080000)
 Metaspace       used 20647K, capacity 21242K, committed 21296K, reserved 1069056K
  class space    used 2452K, capacity 2605K, committed 2608K, reserved 1048576K
}

